<?xml version="1.0" encoding="utf-8"?><testsuites name="pytest tests"><testsuite name="pytest" errors="0" failures="0" skipped="0" tests="10" time="2.604" timestamp="2026-08-04T08:04:09.079790+00:00" hostname="agent-env-e09d714b-c9cd-40a7-af3a-af5b8de71a27"><testcase classname="tests.test_undefined_var_fixes" name="test_dashboard_returns_expected_keys" time="0.620" /><testcase classname="tests.test_undefined_var_fixes" name="test_defaulters_total_quarter" time="0.112" /><testcase classname="tests.test_undefined_var_fixes" name="test_defaulters_q1_quarter" time="0.146" /><testcase classname="tests.test_undefined_var_fixes" name="test_seed_2026_fee_structures_returns_expected_keys" time="0.126" /><testcase classname="tests.test_undefined_var_fixes" name="test_seed_2026_idempotent" time="0.349" /><testcase classname="tests.test_undefined_var_fixes" name="test_smoke_students_list" time="0.107" /><testcase classname="tests.test_undefined_var_fixes" name="test_smoke_receipts_list" time="0.106" /><testcase classname="tests.test_undefined_var_fixes" name="test_smoke_imports_history" time="0.105" /><testcase classname="tests.test_undefined_var_fixes" name="test_smoke_sibling_endpoint" time="0.214" /><testcase classname="tests.test_undefined_var_fixes" name="test_smoke_day_end_report" time="0.110" /></testsuite></testsuites>