<?xml version="1.0" encoding="utf-8"?><testsuites name="pytest tests"><testsuite name="pytest" errors="0" failures="1" skipped="0" tests="47" time="60.456" timestamp="2026-08-04T14:15:44.082348+00:00" hostname="agent-env-e09d714b-c9cd-40a7-af3a-af5b8de71a27"><testcase classname="tests.test_stabilization" name="test_school_logo_returns_200" time="0.170" /><testcase classname="tests.backend_test" name="test_login[admin]" time="15.555" /><testcase classname="tests.test_stabilization" name="test_login_bg_returns_200" time="15.249" /><testcase classname="tests.test_stabilization" name="test_manifest_json_valid" time="0.223" /><testcase classname="tests.backend_test" name="test_login[cashier]" time="0.472" /><testcase classname="tests.test_stabilization" name="test_version_endpoint" time="0.279" /><testcase classname="tests.test_stabilization" name="test_admin_pin_set_and_verify" time="1.535" /><testcase classname="tests.backend_test" name="test_login[accountant]" time="0.837" /><testcase classname="tests.backend_test" name="test_login[manager]" time="0.604" /><testcase classname="tests.test_stabilization" name="test_settings_get_patch_admin_only" time="0.779" /><testcase classname="tests.backend_test" name="test_cashier_creates_school_receipt" time="0.365" /><testcase classname="tests.backend_test" name="test_cashier_cannot_create_refund" time="0.590" /><testcase classname="tests.test_stabilization" name="test_dashboard_all_roles" time="1.197" /><testcase classname="tests.backend_test" name="test_manager_creates_refund" time="0.564" /><testcase classname="tests.backend_test" name="test_debit_voucher_numbering" time="0.504" /><testcase classname="tests.test_stabilization" name="test_users_list_admin_only" time="0.236" /><testcase classname="tests.backend_test" name="test_cashier_creates_adjustment_pending" time="0.765" /><testcase classname="tests.test_stabilization" name="test_receipt_types_list_and_crud" time="0.595"><failure message="AssertionError: {&quot;detail&quot;:&quot;Receipt type with prefix TSTX already exists&quot;}&#10;assert 400 in (200, 201)&#10; +  where 400 = &lt;Response [400]&gt;.status_code">backend/tests/test_stabilization.py:113: in test_receipt_types_list_and_crud
    assert ra.status_code in (200, 201), ra.text
E   AssertionError: {"detail":"Receipt type with prefix TSTX already exists"}
E   assert 400 in (200, 201)
E    +  where 400 = &lt;Response [400]&gt;.status_code</failure></testcase><testcase classname="tests.backend_test" name="test_extension_sum_mismatch_400" time="0.251" /><testcase classname="tests.test_stabilization" name="test_reset_sequence_invalid_number" time="0.697" /><testcase classname="tests.backend_test" name="test_extension_approve_creates_reminders" time="6.577" /><testcase classname="tests.test_stabilization" name="test_config_backups_list" time="0.219" /><testcase classname="tests.test_stabilization" name="test_config_backup_now" time="0.373" /><testcase classname="tests.test_stabilization" name="test_bus_routes_crud" time="0.409" /><testcase classname="tests.test_stabilization" name="test_reports_cancellations" time="0.116" /><testcase classname="tests.test_stabilization" name="test_reports_concessions" time="0.113" /><testcase classname="tests.test_stabilization" name="test_reports_day_end_denominations" time="36.016" /><testcase classname="tests.backend_test" name="test_receipt_cancel_rbac_and_reprint" time="21.945" /><testcase classname="tests.backend_test" name="test_audit_report_rbac" time="0.533" /><testcase classname="tests.backend_test" name="test_collection_report_defaults_today" time="0.528" /><testcase classname="tests.test_undefined_var_fixes" name="test_dashboard_returns_expected_keys" time="0.491" /><testcase classname="tests.test_undefined_var_fixes" name="test_defaulters_total_quarter" time="0.122" /><testcase classname="tests.test_undefined_var_fixes" name="test_defaulters_q1_quarter" time="0.140" /><testcase classname="tests.test_undefined_var_fixes" name="test_seed_2026_fee_structures_returns_expected_keys" time="0.153" /><testcase classname="tests.test_undefined_var_fixes" name="test_seed_2026_idempotent" time="0.301" /><testcase classname="tests.test_undefined_var_fixes" name="test_smoke_students_list" time="0.123" /><testcase classname="tests.test_undefined_var_fixes" name="test_smoke_receipts_list" time="0.123" /><testcase classname="tests.test_undefined_var_fixes" name="test_smoke_imports_history" time="1.130" /><testcase classname="tests.test_undefined_var_fixes" name="test_smoke_sibling_endpoint" time="0.279" /><testcase classname="tests.test_undefined_var_fixes" name="test_smoke_day_end_report" time="0.129" /><testcase classname="tests.test_stabilization" name="test_defaulters_all_quarters" time="0.580" /><testcase classname="tests.test_stabilization" name="test_public_student_lookup" time="0.243" /><testcase classname="tests.test_stabilization" name="test_public_receipt_lookup_by_number" time="0.266" /><testcase classname="tests.test_stabilization" name="test_notices_outstanding" time="0.126" /><testcase classname="tests.test_stabilization" name="test_imports_history" time="0.127" /><testcase classname="tests.test_stabilization" name="test_fee_structures_list" time="0.252" /><testcase classname="tests.test_stabilization" name="test_reminders_list" time="0.114" /></testsuite></testsuites>