<?xml version="1.0" encoding="utf-8"?><testsuites name="pytest tests"><testsuite name="pytest" errors="0" failures="0" skipped="0" tests="9" time="2.987" timestamp="2026-08-17T15:52:18.409836+00:00" hostname="agent-env-e09d714b-c9cd-40a7-af3a-af5b8de71a27"><testcase classname="tests.test_updates" name="test_public_key_endpoint" time="0.237" /><testcase classname="tests.test_updates" name="test_upload_and_install_and_rollback_cycle" time="0.764" /><testcase classname="tests.test_updates" name="test_reject_wrong_extension" time="0.276" /><testcase classname="tests.test_updates" name="test_reject_invalid_zip" time="0.225" /><testcase classname="tests.test_updates" name="test_reject_tampered_checksum" time="0.277" /><testcase classname="tests.test_updates" name="test_reject_min_supported_too_high" time="0.276" /><testcase classname="tests.test_updates" name="test_reject_missing_manifest" time="0.276" /><testcase classname="tests.test_updates" name="test_upload_requires_admin_pin" time="0.053" /><testcase classname="tests.test_updates" name="test_reject_outside_allowed_root" time="0.276" /></testsuite></testsuites>