<?xml version="1.0" encoding="utf-8"?><testsuites name="pytest tests"><testsuite name="pytest" errors="0" failures="0" skipped="1" tests="61" time="13.764" timestamp="2026-08-04T16:31:42.008884+00:00" hostname="agent-env-e09d714b-c9cd-40a7-af3a-af5b8de71a27"><testcase classname="tests.backend_test" name="test_login[admin]" time="0.651" /><testcase classname="tests.test_stabilization" name="test_school_logo_returns_200" time="0.414" /><testcase classname="tests.test_stabilization" name="test_login_bg_returns_200" time="0.185" /><testcase classname="tests.test_stabilization" name="test_manifest_json_valid" time="0.129" /><testcase classname="tests.backend_test" name="test_login[cashier]" time="0.522" /><testcase classname="tests.test_stabilization" name="test_version_endpoint" time="0.300" /><testcase classname="tests.test_stabilization" name="test_admin_pin_set_and_verify" time="1.395" /><testcase classname="tests.backend_test" name="test_login[accountant]" time="0.568" /><testcase classname="tests.backend_test" name="test_login[manager]" time="0.695" /><testcase classname="tests.test_stabilization" name="test_settings_get_patch_admin_only" time="0.719" /><testcase classname="tests.backend_test" name="test_cashier_creates_school_receipt" time="0.617" /><testcase classname="tests.backend_test" name="test_cashier_cannot_create_refund" time="0.403" /><testcase classname="tests.test_stabilization" name="test_dashboard_all_roles" time="1.182" /><testcase classname="tests.backend_test" name="test_manager_creates_refund" time="0.508" /><testcase classname="tests.backend_test" name="test_debit_voucher_numbering" time="0.357" /><testcase classname="tests.backend_test" name="test_cashier_creates_adjustment_pending" time="0.659" /><testcase classname="tests.test_stabilization" name="test_users_list_admin_only" time="0.323" /><testcase classname="tests.test_stabilization" name="test_receipt_types_list_and_crud" time="1.341" /><testcase classname="tests.backend_test" name="test_extension_sum_mismatch_400" time="0.658" /><testcase classname="tests.backend_test" name="test_extension_approve_creates_reminders" time="1.716" /><testcase classname="tests.test_stabilization" name="test_reset_sequence_invalid_number" time="0.704" /><testcase classname="tests.test_stabilization" name="test_config_backups_list" time="0.269" /><testcase classname="tests.test_stabilization" name="test_config_backup_now" time="0.430" /><testcase classname="tests.backend_test" name="test_receipt_cancel_rbac_and_reprint" time="1.430" /><testcase classname="tests.test_stabilization" name="test_bus_routes_crud" time="0.523" /><testcase classname="tests.test_stabilization" name="test_reports_cancellations" time="0.155" /><testcase classname="tests.test_stabilization" name="test_reports_concessions" time="0.143" /><testcase classname="tests.test_stabilization" name="test_reports_day_end_denominations" time="0.168" /><testcase classname="tests.test_stabilization" name="test_defaulters_all_quarters" time="0.752" /><testcase classname="tests.backend_test" name="test_audit_report_rbac" time="0.752" /><testcase classname="tests.test_stabilization" name="test_public_student_lookup" time="0.416" /><testcase classname="tests.backend_test" name="test_collection_report_defaults_today" time="0.154" /><testcase classname="tests.test_stabilization" name="test_public_receipt_lookup_by_number" time="0.336" /><testcase classname="tests.test_load_verify" name="test_version_public" time="0.150" /><testcase classname="tests.test_stabilization" name="test_notices_outstanding" time="0.438" /><testcase classname="tests.test_load_verify" name="test_dashboard" time="0.464" /><testcase classname="tests.test_load_verify" name="test_diagnostics" time="0.085" /><testcase classname="tests.test_stabilization" name="test_imports_history" time="0.169" /><testcase classname="tests.test_load_verify" name="test_cashier_auth" time="0.473" /><testcase classname="tests.test_stabilization" name="test_fee_structures_list" time="0.283" /><testcase classname="tests.test_stabilization" name="test_reminders_list" time="0.160" /><testcase classname="tests.test_load_verify" name="test_students_lt_search" time="0.189" /><testcase classname="tests.test_undefined_var_fixes" name="test_dashboard_returns_expected_keys" time="0.556" /><testcase classname="tests.test_load_verify" name="test_student_ledger" time="0.348" /><testcase classname="tests.test_load_verify" name="test_defaulters_perf" time="0.123" /><testcase classname="tests.test_undefined_var_fixes" name="test_defaulters_total_quarter" time="0.210" /><testcase classname="tests.test_load_verify" name="test_fee_structures_count" time="0.124" /><testcase classname="tests.test_load_verify" name="test_bus_stops_count" time="0.077" /><testcase classname="tests.test_undefined_var_fixes" name="test_defaulters_q1_quarter" time="0.172" /><testcase classname="tests.test_load_verify" name="test_receipt_types_count" time="0.086" /><testcase classname="tests.test_load_verify" name="test_bulk_import_validation_rejects_jc_missing_stream" time="0.115" /><testcase classname="tests.test_undefined_var_fixes" name="test_seed_2026_fee_structures_returns_expected_keys" time="0.215" /><testcase classname="tests.test_load_verify" name="test_duplicate_admission_fee_blocked" time="0.155"><skipped type="pytest.skip" message="no admission-fee receipt-type">/app/backend/tests/test_load_verify.py:141: no admission-fee receipt-type</skipped></testcase><testcase classname="tests.test_load_verify" name="test_snapshots" time="0.085" /><testcase classname="tests.test_undefined_var_fixes" name="test_seed_2026_idempotent" time="0.363" /><testcase classname="tests.test_load_verify" name="test_bus_stops_bulk_update_preview" time="0.129" /><testcase classname="tests.test_undefined_var_fixes" name="test_smoke_students_list" time="0.151" /><testcase classname="tests.test_undefined_var_fixes" name="test_smoke_receipts_list" time="0.151" /><testcase classname="tests.test_undefined_var_fixes" name="test_smoke_imports_history" time="0.162" /><testcase classname="tests.test_undefined_var_fixes" name="test_smoke_sibling_endpoint" time="0.300" /><testcase classname="tests.test_undefined_var_fixes" name="test_smoke_day_end_report" time="0.180" /></testsuite></testsuites>