<?xml version="1.0" encoding="utf-8"?><testsuites name="pytest tests"><testsuite name="pytest" errors="0" failures="0" skipped="0" tests="12" time="3.114" timestamp="2026-08-17T16:11:02.891265+00:00" hostname="agent-env-e09d714b-c9cd-40a7-af3a-af5b8de71a27"><testcase classname="tests.test_iter7_delivery_purge.TestRegression" name="test_version" time="0.834" /><testcase classname="tests.test_iter7_delivery_purge.TestRegression" name="test_updates_current" time="0.071" /><testcase classname="tests.test_iter7_delivery_purge.TestDeliverables" name="test_manifest_has_production_release" time="0.916" /><testcase classname="tests.test_iter7_delivery_purge.TestRegression" name="test_updates_public_key" time="0.069" /><testcase classname="tests.test_iter7_delivery_purge.TestDeliverables" name="test_rebuild_zip_requires_pin" time="0.090" /><testcase classname="tests.test_iter7_delivery_purge.TestRegression" name="test_receipts_list" time="0.067" /><testcase classname="tests.test_iter7_delivery_purge.TestDeliverables" name="test_rebuild_zip_with_pin" time="0.560" /><testcase classname="tests.test_iter7_delivery_purge.TestRegression" name="test_students_list" time="0.521" /><testcase classname="tests.test_iter7_delivery_purge.TestPurgeRejection" name="test_purge_without_pin" time="0.072" /><testcase classname="tests.test_iter7_delivery_purge.TestPurgePreview" name="test_preview_requires_pin" time="0.111" /><testcase classname="tests.test_iter7_delivery_purge.TestPurgeRejection" name="test_purge_wrong_phrase_does_not_delete" time="1.136" /><testcase classname="tests.test_iter7_delivery_purge.TestPurgePreview" name="test_preview_with_pin" time="0.504" /></testsuite></testsuites>