<?xml version="1.0" encoding="utf-8"?><testsuites name="pytest tests"><testsuite name="pytest" errors="0" failures="1" skipped="1" tests="8" time="0.832" timestamp="2026-08-17T15:53:07.145392+00:00" hostname="agent-env-e09d714b-c9cd-40a7-af3a-af5b8de71a27"><testcase classname="tests.test_iter6_session" name="test_version_endpoint" time="0.004" /><testcase classname="tests.test_iter6_session" name="test_login_returns_token" time="0.227" /><testcase classname="tests.test_iter6_session" name="test_receipts_list" time="0.229" /><testcase classname="tests.test_iter6_session" name="test_students_query" time="0.003" /><testcase classname="tests.test_iter6_session" name="test_receipt_type_new_fields_roundtrip" time="0.002"><failure message="AssertionError: {&quot;detail&quot;:&quot;Administrator PIN required&quot;}&#10;assert 401 in (200, 201)&#10; +  where 401 = &lt;Response [401]&gt;.status_code">backend/tests/test_iter6_session.py:74: in test_receipt_type_new_fields_roundtrip
    assert r.status_code in (200, 201), r.text
E   AssertionError: {"detail":"Administrator PIN required"}
E   assert 401 in (200, 201)
E    +  where 401 = &lt;Response [401]&gt;.status_code</failure></testcase><testcase classname="tests.test_iter6_session" name="test_debit_voucher_number_format" time="0.010"><skipped type="pytest.skip" message="voucher POST rejected (422): {&quot;detail&quot;:[{&quot;type&quot;:&quot;missing&quot;,&quot;loc&quot;:[&quot;body&quot;,&quot;department_id&quot;],&quot;msg&quot;:&quot;Field required&quot;,&quot;input&quot;:{&quot;receipt_type&quot;:&quot;debit_voucher&quot;,&quot;student_id&quot;:&quot;1d362914-da23-4f9b-9a01-6ccde8050680&quot;,&quot;academic_year&quot;:&quot;2026-27&quot;">/app/backend/tests/test_iter6_session.py:133: voucher POST rejected (422): {"detail":[{"type":"missing","loc":["body","department_id"],"msg":"Field required","input":{"receipt_type":"debit_voucher","student_id":"1d362914-da23-4f9b-9a01-6ccde8050680","academic_year":"2026-27"</skipped></testcase><testcase classname="tests.test_iter6_session" name="test_updates_current_requires_auth" time="0.004" /><testcase classname="tests.test_iter6_session" name="test_updates_public_key_pem" time="0.002" /></testsuite></testsuites>