<?xml version="1.0" encoding="utf-8"?><testsuites name="pytest tests"><testsuite name="pytest" errors="0" failures="2" skipped="0" tests="24" time="7.728" timestamp="2026-08-04T14:11:21.265997+00:00" hostname="agent-env-e09d714b-c9cd-40a7-af3a-af5b8de71a27"><testcase classname="tests.test_undefined_var_fixes" name="test_dashboard_returns_expected_keys" time="0.633" /><testcase classname="tests.backend_test" name="test_login[admin]" time="0.727" /><testcase classname="tests.test_undefined_var_fixes" name="test_defaulters_total_quarter" time="0.121" /><testcase classname="tests.backend_test" name="test_login[cashier]" time="0.443" /><testcase classname="tests.test_undefined_var_fixes" name="test_defaulters_q1_quarter" time="0.309" /><testcase classname="tests.test_undefined_var_fixes" name="test_seed_2026_fee_structures_returns_expected_keys" time="0.197" /><testcase classname="tests.backend_test" name="test_login[accountant]" time="0.503" /><testcase classname="tests.test_undefined_var_fixes" name="test_seed_2026_idempotent" time="0.507" /><testcase classname="tests.backend_test" name="test_login[manager]" time="0.556" /><testcase classname="tests.test_undefined_var_fixes" name="test_smoke_students_list" time="0.355" /><testcase classname="tests.test_undefined_var_fixes" name="test_smoke_receipts_list" time="0.116" /><testcase classname="tests.backend_test" name="test_cashier_creates_school_receipt" time="0.459"><failure message="AssertionError: assert False&#10; +  where False = &lt;built-in method startswith of str object at 0xfaa4e4a403b0&gt;('EP-2026-')&#10; +    where &lt;built-in method startswith of str object at 0xfaa4e4a403b0&gt; = 'EP-2027-000004'.startswith">backend/tests/backend_test.py:74: in test_cashier_creates_school_receipt
    assert d["number"].startswith("EP-2026-")
E   AssertionError: assert False
E    +  where False = &lt;built-in method startswith of str object at 0xfaa4e4a403b0&gt;('EP-2026-')
E    +    where &lt;built-in method startswith of str object at 0xfaa4e4a403b0&gt; = 'EP-2027-000004'.startswith</failure></testcase><testcase classname="tests.test_undefined_var_fixes" name="test_smoke_imports_history" time="0.132" /><testcase classname="tests.test_undefined_var_fixes" name="test_smoke_sibling_endpoint" time="0.287" /><testcase classname="tests.test_undefined_var_fixes" name="test_smoke_day_end_report" time="0.162" /><testcase classname="tests.backend_test" name="test_cashier_cannot_create_refund" time="0.345" /><testcase classname="tests.backend_test" name="test_manager_creates_refund" time="0.367" /><testcase classname="tests.backend_test" name="test_debit_voucher_numbering" time="0.313"><failure message="AssertionError: got V-2027-000002&#10;assert False&#10; +  where False = &lt;built-in method startswith of str object at 0xfaa4e4a483b0&gt;('V-2026-')&#10; +    where &lt;built-in method startswith of str object at 0xfaa4e4a483b0&gt; = 'V-2027-000002'.startswith">backend/tests/backend_test.py:109: in test_debit_voucher_numbering
    assert num.startswith("V-2026-"), f"got {num}"
E   AssertionError: got V-2027-000002
E   assert False
E    +  where False = &lt;built-in method startswith of str object at 0xfaa4e4a483b0&gt;('V-2026-')
E    +    where &lt;built-in method startswith of str object at 0xfaa4e4a483b0&gt; = 'V-2027-000002'.startswith</failure></testcase><testcase classname="tests.backend_test" name="test_cashier_creates_adjustment_pending" time="0.640" /><testcase classname="tests.backend_test" name="test_extension_sum_mismatch_400" time="0.225" /><testcase classname="tests.backend_test" name="test_extension_approve_creates_reminders" time="0.862" /><testcase classname="tests.backend_test" name="test_receipt_cancel_rbac_and_reprint" time="1.089" /><testcase classname="tests.backend_test" name="test_audit_report_rbac" time="0.536" /><testcase classname="tests.backend_test" name="test_collection_report_defaults_today" time="0.130" /></testsuite></testsuites>