<?xml version="1.0" encoding="utf-8"?><testsuites name="pytest tests"><testsuite name="pytest" errors="0" failures="0" skipped="0" tests="17" time="3.845" timestamp="2026-08-17T15:53:54.569829+00:00" hostname="agent-env-e09d714b-c9cd-40a7-af3a-af5b8de71a27"><testcase classname="tests.test_iter6_session" name="test_version_endpoint" time="0.005" /><testcase classname="tests.test_iter6_session" name="test_login_returns_token" time="0.448" /><testcase classname="tests.test_iter6_session" name="test_receipts_list" time="0.230" /><testcase classname="tests.test_updates" name="test_public_key_endpoint" time="0.683" /><testcase classname="tests.test_updates" name="test_upload_and_install_and_rollback_cycle" time="1.175" /><testcase classname="tests.test_iter6_session" name="test_students_query" time="0.003" /><testcase classname="tests.test_iter6_session" name="test_receipt_type_new_fields_roundtrip" time="0.907" /><testcase classname="tests.test_iter6_session" name="test_debit_voucher_number_format" time="0.021" /><testcase classname="tests.test_iter6_session" name="test_updates_current_requires_auth" time="0.005" /><testcase classname="tests.test_iter6_session" name="test_updates_public_key_pem" time="0.002" /><testcase classname="tests.test_updates" name="test_reject_wrong_extension" time="0.276" /><testcase classname="tests.test_updates" name="test_reject_invalid_zip" time="0.228" /><testcase classname="tests.test_updates" name="test_reject_tampered_checksum" time="0.277" /><testcase classname="tests.test_updates" name="test_reject_min_supported_too_high" time="0.276" /><testcase classname="tests.test_updates" name="test_reject_missing_manifest" time="0.277" /><testcase classname="tests.test_updates" name="test_upload_requires_admin_pin" time="0.054" /><testcase classname="tests.test_updates" name="test_reject_outside_allowed_root" time="0.276" /></testsuite></testsuites>