<?xml version="1.0" encoding="utf-8"?><testsuites name="pytest tests"><testsuite name="pytest" errors="0" failures="1" skipped="0" tests="37" time="10.281" timestamp="2026-08-04T14:15:17.927067+00:00" hostname="agent-env-e09d714b-c9cd-40a7-af3a-af5b8de71a27"><testcase classname="tests.test_stabilization" name="test_school_logo_returns_200" time="0.349" /><testcase classname="tests.backend_test" name="test_login[admin]" time="0.657" /><testcase classname="tests.test_stabilization" name="test_login_bg_returns_200" time="0.250" /><testcase classname="tests.test_stabilization" name="test_manifest_json_valid" time="0.129" /><testcase classname="tests.backend_test" name="test_login[cashier]" time="0.506" /><testcase classname="tests.test_stabilization" name="test_version_endpoint" time="0.307" /><testcase classname="tests.test_stabilization" name="test_admin_pin_set_and_verify" time="1.518" /><testcase classname="tests.backend_test" name="test_login[accountant]" time="0.638" /><testcase classname="tests.backend_test" name="test_login[manager]" time="0.762" /><testcase classname="tests.test_stabilization" name="test_settings_get_patch_admin_only" time="0.788" /><testcase classname="tests.backend_test" name="test_cashier_creates_school_receipt" time="0.612" /><testcase classname="tests.backend_test" name="test_cashier_cannot_create_refund" time="0.395" /><testcase classname="tests.test_stabilization" name="test_dashboard_all_roles" time="1.315" /><testcase classname="tests.backend_test" name="test_manager_creates_refund" time="0.542" /><testcase classname="tests.backend_test" name="test_debit_voucher_numbering" time="0.415" /><testcase classname="tests.backend_test" name="test_cashier_creates_adjustment_pending" time="0.672" /><testcase classname="tests.test_stabilization" name="test_users_list_admin_only" time="0.332" /><testcase classname="tests.test_stabilization" name="test_receipt_types_list_and_crud" time="0.761"><failure message="assert 401 == 200&#10; +  where 401 = &lt;Response [401]&gt;.status_code">backend/tests/test_stabilization.py:117: in test_receipt_types_list_and_crud
    assert rp.status_code == 200
E   assert 401 == 200
E    +  where 401 = &lt;Response [401]&gt;.status_code</failure></testcase><testcase classname="tests.backend_test" name="test_extension_sum_mismatch_400" time="0.425" /><testcase classname="tests.backend_test" name="test_extension_approve_creates_reminders" time="1.268" /><testcase classname="tests.test_stabilization" name="test_reset_sequence_invalid_number" time="0.758" /><testcase classname="tests.test_stabilization" name="test_config_backups_list" time="0.394" /><testcase classname="tests.backend_test" name="test_receipt_cancel_rbac_and_reprint" time="1.317" /><testcase classname="tests.test_stabilization" name="test_config_backup_now" time="0.361" /><testcase classname="tests.test_stabilization" name="test_bus_routes_crud" time="0.457" /><testcase classname="tests.test_stabilization" name="test_reports_cancellations" time="0.137" /><testcase classname="tests.test_stabilization" name="test_reports_concessions" time="0.134" /><testcase classname="tests.test_stabilization" name="test_reports_day_end_denominations" time="0.141" /><testcase classname="tests.test_stabilization" name="test_defaulters_all_quarters" time="0.602" /><testcase classname="tests.backend_test" name="test_audit_report_rbac" time="0.519" /><testcase classname="tests.backend_test" name="test_collection_report_defaults_today" time="0.132" /><testcase classname="tests.test_stabilization" name="test_public_student_lookup" time="0.241" /><testcase classname="tests.test_stabilization" name="test_public_receipt_lookup_by_number" time="0.245" /><testcase classname="tests.test_stabilization" name="test_notices_outstanding" time="0.122" /><testcase classname="tests.test_stabilization" name="test_imports_history" time="0.121" /><testcase classname="tests.test_stabilization" name="test_fee_structures_list" time="0.139" /><testcase classname="tests.test_stabilization" name="test_reminders_list" time="0.110" /></testsuite></testsuites>