<?xml version="1.0" encoding="utf-8"?><testsuites name="pytest tests"><testsuite name="pytest" errors="0" failures="0" skipped="0" tests="47" time="14.632" timestamp="2026-08-04T16:30:14.468357+00:00" hostname="agent-env-e09d714b-c9cd-40a7-af3a-af5b8de71a27"><testcase classname="tests.backend_test" name="test_login[admin]" time="0.702" /><testcase classname="tests.test_stabilization" name="test_school_logo_returns_200" time="0.367" /><testcase classname="tests.test_stabilization" name="test_login_bg_returns_200" time="0.303" /><testcase classname="tests.test_stabilization" name="test_manifest_json_valid" time="0.161" /><testcase classname="tests.backend_test" name="test_login[cashier]" time="0.803" /><testcase classname="tests.test_stabilization" name="test_version_endpoint" time="0.260" /><testcase classname="tests.test_stabilization" name="test_admin_pin_set_and_verify" time="1.434" /><testcase classname="tests.backend_test" name="test_login[accountant]" time="0.632" /><testcase classname="tests.backend_test" name="test_login[manager]" time="0.761" /><testcase classname="tests.test_stabilization" name="test_settings_get_patch_admin_only" time="0.901" /><testcase classname="tests.backend_test" name="test_cashier_creates_school_receipt" time="0.706" /><testcase classname="tests.test_stabilization" name="test_dashboard_all_roles" time="1.501" /><testcase classname="tests.backend_test" name="test_cashier_cannot_create_refund" time="0.584" /><testcase classname="tests.backend_test" name="test_manager_creates_refund" time="0.573" /><testcase classname="tests.backend_test" name="test_debit_voucher_numbering" time="0.368" /><testcase classname="tests.test_stabilization" name="test_users_list_admin_only" time="0.340" /><testcase classname="tests.backend_test" name="test_cashier_creates_adjustment_pending" time="1.099" /><testcase classname="tests.test_stabilization" name="test_receipt_types_list_and_crud" time="1.698" /><testcase classname="tests.backend_test" name="test_extension_sum_mismatch_400" time="0.431" /><testcase classname="tests.backend_test" name="test_extension_approve_creates_reminders" time="2.592" /><testcase classname="tests.test_stabilization" name="test_reset_sequence_invalid_number" time="0.759" /><testcase classname="tests.test_stabilization" name="test_config_backups_list" time="1.401" /><testcase classname="tests.test_stabilization" name="test_config_backup_now" time="0.448" /><testcase classname="tests.backend_test" name="test_receipt_cancel_rbac_and_reprint" time="1.588" /><testcase classname="tests.test_stabilization" name="test_bus_routes_crud" time="0.493" /><testcase classname="tests.test_stabilization" name="test_reports_cancellations" time="0.155" /><testcase classname="tests.test_stabilization" name="test_reports_concessions" time="0.176" /><testcase classname="tests.test_stabilization" name="test_reports_day_end_denominations" time="0.197" /><testcase classname="tests.test_stabilization" name="test_defaulters_all_quarters" time="0.738" /><testcase classname="tests.backend_test" name="test_audit_report_rbac" time="0.693" /><testcase classname="tests.test_stabilization" name="test_public_student_lookup" time="0.320" /><testcase classname="tests.backend_test" name="test_collection_report_defaults_today" time="0.157" /><testcase classname="tests.test_stabilization" name="test_public_receipt_lookup_by_number" time="0.438" /><testcase classname="tests.test_undefined_var_fixes" name="test_dashboard_returns_expected_keys" time="0.557" /><testcase classname="tests.test_stabilization" name="test_notices_outstanding" time="0.273" /><testcase classname="tests.test_undefined_var_fixes" name="test_defaulters_total_quarter" time="0.248" /><testcase classname="tests.test_stabilization" name="test_imports_history" time="0.240" /><testcase classname="tests.test_undefined_var_fixes" name="test_defaulters_q1_quarter" time="0.168" /><testcase classname="tests.test_stabilization" name="test_fee_structures_list" time="0.185" /><testcase classname="tests.test_undefined_var_fixes" name="test_seed_2026_fee_structures_returns_expected_keys" time="0.189" /><testcase classname="tests.test_stabilization" name="test_reminders_list" time="0.161" /><testcase classname="tests.test_undefined_var_fixes" name="test_seed_2026_idempotent" time="0.397" /><testcase classname="tests.test_undefined_var_fixes" name="test_smoke_students_list" time="0.153" /><testcase classname="tests.test_undefined_var_fixes" name="test_smoke_receipts_list" time="0.164" /><testcase classname="tests.test_undefined_var_fixes" name="test_smoke_imports_history" time="0.202" /><testcase classname="tests.test_undefined_var_fixes" name="test_smoke_sibling_endpoint" time="0.306" /><testcase classname="tests.test_undefined_var_fixes" name="test_smoke_day_end_report" time="0.188" /></testsuite></testsuites>