<?xml version="1.0" encoding="utf-8"?><testsuites name="pytest tests"><testsuite name="pytest" errors="0" failures="0" skipped="0" tests="14" time="6.472" timestamp="2026-08-04T05:25:49.905894+00:00" hostname="agent-env-e09d714b-c9cd-40a7-af3a-af5b8de71a27"><testcase classname="tests.backend_test" name="test_login[admin]" time="0.583" /><testcase classname="tests.backend_test" name="test_login[cashier]" time="0.427" /><testcase classname="tests.backend_test" name="test_login[accountant]" time="0.467" /><testcase classname="tests.backend_test" name="test_login[manager]" time="0.419" /><testcase classname="tests.backend_test" name="test_cashier_creates_school_receipt" time="0.305" /><testcase classname="tests.backend_test" name="test_cashier_cannot_create_refund" time="0.294" /><testcase classname="tests.backend_test" name="test_manager_creates_refund" time="0.303" /><testcase classname="tests.backend_test" name="test_debit_voucher_numbering" time="0.197" /><testcase classname="tests.backend_test" name="test_cashier_creates_adjustment_pending" time="0.549" /><testcase classname="tests.backend_test" name="test_extension_sum_mismatch_400" time="0.211" /><testcase classname="tests.backend_test" name="test_extension_approve_creates_reminders" time="0.772" /><testcase classname="tests.backend_test" name="test_receipt_cancel_rbac_and_reprint" time="0.889" /><testcase classname="tests.backend_test" name="test_audit_report_rbac" time="0.397" /><testcase classname="tests.backend_test" name="test_collection_report_defaults_today" time="0.106" /></testsuite></testsuites>